2024-06-22 19:07:41 INFO  Test:10 - This is an info message
2024-06-22 19:10:57 INFO  StartPage:33 - This is a debug message
2024-06-22 19:17:48 INFO  StartPage:35 - Нужный заголовок присутствует на странице
2024-06-22 19:17:48 INFO  StartPage:42 - На странице присутсвует текст 5 of 5 remaining
2024-06-22 19:17:50 INFO  StartPage:84 - Новый элемент добавлен на страницу
2024-06-22 19:37:46 INFO  StartPage:32 - Нужный заголовок присутсвует на странице
2024-06-22 19:37:46 INFO  StartPage:40 - Открылся каталог
2024-06-22 19:37:54 INFO  StartPage:58 - Переход на страницу с ноутбуками
2024-06-22 19:38:04 INFO  LaptopsPage:59 - Название товара: 15.6" Ноутбук Dixiang Aquilon (1920x1080, Intel Celeron N4020, RAM 8ГБ, SSD 256ГБ, Intel UHD Graphics 600, Win 10Pro) Цена: 23 519
2024-06-22 19:38:14 INFO  LaptopsPage:59 - Название товара: 15.6" Ноутбук UOHUO Lightbook, Intel Celeron J4125 (2.0 ГГц), RAM 12 ГБ, SSD 512 ГБ, Intel HD Graphics 600, Windows 10 Pro Цена: 26 450
2024-06-22 19:38:25 INFO  LaptopsPage:59 - Название товара: Ноутбук Портативный компьютер 14", RAM 16ГБ, SSD512 ГБ, Intel HD Graphics5500, Windows11 Pro Laptop Русская раскладка Цена: 35 999
2024-06-22 19:38:35 INFO  LaptopsPage:59 - Название товара: 15,6 Ноутбук Intel Celeron N5095 (2.00 GHz, 4 ядра), RAM 16 GB, SSD 1024 GB, Intel UHD Graphics 750, Windows 10 Pro. Ноутбук для работы, бизнеса, учебы и игр. Цена: 31 657
2024-06-22 19:38:46 INFO  LaptopsPage:59 - Название товара: Ноутбук Lenovo ThinkPad X280 Intel Core i5 Windows 11 Цена: 29 679
2024-06-22 19:40:32 INFO  StartPage:32 - Нужный заголовок присутсвует на странице
2024-06-22 19:40:32 INFO  StartPage:40 - Открылся каталог
2024-06-22 19:40:40 INFO  StartPage:58 - Переход на страницу с ноутбуками
2024-06-22 19:40:51 INFO  LaptopsPage:59 - Название товара: 15.6" Ноутбук Dixiang Aquilon (1920x1080, Intel Celeron N4020, RAM 8ГБ, SSD 256ГБ, Intel UHD Graphics 600, Win 10Pro) Цена: 23 519
2024-06-22 19:40:51 INFO  LaptopsPage:59 - Название товара: Быстрый нетбук Asus PC 1001PX на SSD Цена: 4 410
2024-06-22 19:41:02 INFO  LaptopsPage:59 - Название товара: 15.6" Ноутбук UOHUO Lightbook, Intel Celeron J4125 (2.0 ГГц), RAM 12 ГБ, SSD 512 ГБ, Intel HD Graphics 600, Windows 10 Pro Цена: 26 450
2024-06-22 19:41:13 INFO  LaptopsPage:59 - Название товара: Ноутбук Lenovo ThinkPad X280 Intel Core i5 Windows 11 Цена: 29 679
2024-06-22 19:41:23 INFO  LaptopsPage:59 - Название товара: Ноутбук Портативный компьютер 14", RAM 16ГБ, SSD512 ГБ, Intel HD Graphics5500, Windows11 Pro Laptop Русская раскладка Цена: 35 999
2024-06-22 19:41:31 INFO  LaptopsPage:107 - Цены первых 5 ноутбуков находятся в заданном диапазоне
2024-06-22 20:25:29 INFO  StartPage:29 - Нужный заголовок присутствует на странице
2024-06-22 20:31:09 INFO  StartPage:29 - Нужный заголовок присутствует на странице
2024-06-22 20:33:29 INFO  StartPage:33 - Нужный заголовок присутствует на странице
2024-06-22 20:46:18 INFO  StartPage:34 - Нужный заголовок присутствует на странице
2024-06-22 20:55:53 INFO  StartPage:36 - Нужный заголовок присутствует на странице
2024-06-22 21:05:46 INFO  StartPage:36 - Нужный заголовок присутствует на странице
2024-06-22 21:05:47 INFO  StartPage:46 - Выьран город поездки
2024-06-22 21:05:47 INFO  StartPage:79 - Выбрана дата заезда
2024-06-22 21:05:47 INFO  StartPage:112 - Выбрана дата выезда
2024-06-22 21:08:55 INFO  StartPage:36 - Нужный заголовок присутствует на странице
2024-06-22 21:08:55 INFO  StartPage:46 - Выбран город поездки
2024-06-22 21:08:56 INFO  StartPage:79 - Выбрана дата заезда
2024-06-22 21:08:56 INFO  StartPage:112 - Выбрана дата выезда
2024-06-22 21:08:56 INFO  StartPage:119 - Переход на страницу поиска
2024-06-22 21:21:10 INFO  StartPage:36 - Нужный заголовок присутствует на странице
2024-06-22 21:21:10 INFO  StartPage:46 - Выбран город поездки
2024-06-22 21:21:10 INFO  StartPage:79 - Выбрана дата заезда
2024-06-22 21:21:10 INFO  StartPage:112 - Выбрана дата выезда
2024-06-22 21:21:11 INFO  StartPage:119 - Переход на страницу поиска
2024-06-22 21:21:12 INFO  HotelPage:46 - Нужный заголовок находится на странице
2024-06-22 21:21:13 INFO  HotelPage:54 - Выбраны фильтрация
2024-06-22 21:23:06 INFO  StartPage:36 - Нужный заголовок присутствует на странице
2024-06-22 21:23:06 INFO  StartPage:46 - Выбран город поездки
2024-06-22 21:23:07 INFO  StartPage:79 - Выбрана дата заезда
2024-06-22 21:23:07 INFO  StartPage:112 - Выбрана дата выезда
2024-06-22 21:23:07 INFO  StartPage:119 - Переход на страницу поиска
2024-06-22 21:23:09 INFO  HotelPage:46 - Нужный заголовок находится на странице
2024-06-22 21:23:09 INFO  HotelPage:54 - Выбраны фильтрация
2024-06-22 21:28:58 INFO  StartPage:36 - Нужный заголовок присутствует на странице
2024-06-22 21:28:58 INFO  StartPage:46 - Выбран город поездки
2024-06-22 21:28:59 INFO  StartPage:79 - Выбрана дата заезда
2024-06-22 21:28:59 INFO  StartPage:112 - Выбрана дата выезда
2024-06-22 21:28:59 INFO  StartPage:119 - Переход на страницу поиска
2024-06-22 21:29:01 INFO  HotelPage:46 - Нужный заголовок находится на странице
2024-06-22 21:29:02 INFO  HotelPage:54 - Выбраны фильтрация
2024-06-22 21:31:02 INFO  StartPage:36 - Нужный заголовок присутствует на странице
2024-06-22 21:31:03 INFO  StartPage:46 - Выбран город поездки
2024-06-22 21:31:03 INFO  StartPage:79 - Выбрана дата заезда
2024-06-22 21:31:03 INFO  StartPage:112 - Выбрана дата выезда
2024-06-22 21:31:03 INFO  StartPage:119 - Переход на страницу поиска
2024-06-22 21:31:06 INFO  HotelPage:46 - Нужный заголовок находится на странице
2024-06-22 21:31:06 INFO  HotelPage:54 - Выбраны фильтрация
2024-06-22 21:35:08 INFO  StartPage:36 - Нужный заголовок присутствует на странице
2024-06-22 21:35:08 INFO  StartPage:46 - Выбран город поездки
2024-06-22 21:35:09 INFO  StartPage:79 - Выбрана дата заезда
2024-06-22 21:35:09 INFO  StartPage:112 - Выбрана дата выезда
2024-06-22 21:35:09 INFO  StartPage:119 - Переход на страницу поиска
2024-06-22 21:35:12 INFO  HotelPage:46 - Нужный заголовок находится на странице
2024-06-22 21:35:12 INFO  HotelPage:54 - Выбраны фильтрация
2024-06-22 21:36:56 INFO  StartPage:36 - Нужный заголовок присутствует на странице
2024-06-22 21:36:57 INFO  StartPage:46 - Выбран город поездки
2024-06-22 21:36:57 INFO  StartPage:79 - Выбрана дата заезда
2024-06-22 21:36:57 INFO  StartPage:112 - Выбрана дата выезда
2024-06-22 21:36:58 INFO  StartPage:119 - Переход на страницу поиска
2024-06-22 21:37:00 INFO  HotelPage:46 - Нужный заголовок находится на странице
2024-06-22 21:37:00 INFO  HotelPage:54 - Выбраны фильтрация
2024-06-22 21:37:44 INFO  StartPage:36 - Нужный заголовок присутствует на странице
2024-06-22 21:37:44 INFO  StartPage:46 - Выбран город поездки
2024-06-22 21:37:45 INFO  StartPage:79 - Выбрана дата заезда
2024-06-22 21:37:45 INFO  StartPage:112 - Выбрана дата выезда
2024-06-22 21:37:45 INFO  StartPage:119 - Переход на страницу поиска
2024-06-22 21:37:48 INFO  HotelPage:46 - Нужный заголовок находится на странице
2024-06-22 21:37:48 INFO  HotelPage:54 - Выбраны фильтрация
2024-06-22 21:39:16 INFO  StartPage:36 - Нужный заголовок присутствует на странице
2024-06-22 21:39:16 INFO  StartPage:46 - Выбран город поездки
2024-06-22 21:39:17 INFO  StartPage:79 - Выбрана дата заезда
2024-06-22 21:39:17 INFO  StartPage:112 - Выбрана дата выезда
2024-06-22 21:39:17 INFO  StartPage:119 - Переход на страницу поиска
2024-06-22 21:39:19 INFO  HotelPage:46 - Нужный заголовок находится на странице
2024-06-22 21:39:20 INFO  HotelPage:54 - Выбраны фильтрация
2024-06-22 21:39:55 INFO  StartPage:36 - Нужный заголовок присутствует на странице
2024-06-22 21:39:55 INFO  StartPage:46 - Выбран город поездки
2024-06-22 21:39:56 INFO  StartPage:79 - Выбрана дата заезда
2024-06-22 21:39:56 INFO  StartPage:112 - Выбрана дата выезда
2024-06-22 21:39:56 INFO  StartPage:119 - Переход на страницу поиска
2024-06-22 21:39:59 INFO  HotelPage:46 - Нужный заголовок находится на странице
2024-06-22 21:39:59 INFO  HotelPage:54 - Выбраны фильтрация
2024-06-22 21:41:15 INFO  StartPage:36 - Нужный заголовок присутствует на странице
2024-06-22 21:41:15 INFO  StartPage:46 - Выбран город поездки
2024-06-22 21:41:16 INFO  StartPage:79 - Выбрана дата заезда
2024-06-22 21:41:16 INFO  StartPage:112 - Выбрана дата выезда
2024-06-22 21:41:16 INFO  StartPage:119 - Переход на страницу поиска
2024-06-22 21:41:19 INFO  HotelPage:46 - Нужный заголовок находится на странице
2024-06-22 21:41:20 INFO  HotelPage:54 - Выбраны фильтрация
2024-06-22 21:42:19 INFO  StartPage:36 - Нужный заголовок присутствует на странице
2024-06-22 21:42:19 INFO  StartPage:46 - Выбран город поездки
2024-06-22 21:42:19 INFO  StartPage:79 - Выбрана дата заезда
2024-06-22 21:42:19 INFO  StartPage:112 - Выбрана дата выезда
2024-06-22 21:42:20 INFO  StartPage:119 - Переход на страницу поиска
2024-06-22 21:42:22 INFO  HotelPage:46 - Нужный заголовок находится на странице
2024-06-22 21:42:22 INFO  HotelPage:54 - Выбраны фильтрация
2024-06-22 21:43:33 INFO  StartPage:36 - Нужный заголовок присутствует на странице
2024-06-22 21:43:33 INFO  StartPage:46 - Выбран город поездки
2024-06-22 21:43:33 INFO  StartPage:79 - Выбрана дата заезда
2024-06-22 21:43:33 INFO  StartPage:112 - Выбрана дата выезда
2024-06-22 21:43:34 INFO  StartPage:119 - Переход на страницу поиска
2024-06-22 21:43:36 INFO  HotelPage:46 - Нужный заголовок находится на странице
2024-06-22 21:43:36 INFO  HotelPage:54 - Выбраны фильтрация
2024-06-22 22:04:19 INFO  StartPage:36 - Нужный заголовок присутствует на странице
2024-06-22 22:04:20 INFO  StartPage:46 - Выбран город поездки
2024-06-22 22:04:20 INFO  StartPage:79 - Выбрана дата заезда
2024-06-22 22:04:20 INFO  StartPage:112 - Выбрана дата выезда
2024-06-22 22:04:20 INFO  StartPage:119 - Переход на страницу поиска
2024-06-22 22:04:22 INFO  HotelPage:46 - Нужный заголовок находится на странице
2024-06-22 22:04:22 INFO  HotelPage:54 - Выбраны фильтрация
2024-06-22 22:21:37 INFO  StartPage:36 - Нужный заголовок присутствует на странице
2024-06-22 22:21:37 INFO  StartPage:46 - Выбран город поездки
2024-06-22 22:21:37 INFO  StartPage:79 - Выбрана дата заезда
2024-06-22 22:21:37 INFO  StartPage:112 - Выбрана дата выезда
2024-06-22 22:21:38 INFO  StartPage:119 - Переход на страницу поиска
2024-06-22 22:21:40 INFO  HotelPage:46 - Нужный заголовок находится на странице
2024-06-22 22:21:40 INFO  HotelPage:54 - Выбраны фильтрация
2024-06-22 22:33:07 INFO  StartPage:36 - Нужный заголовок присутствует на странице
2024-06-22 22:33:08 INFO  StartPage:46 - Выбран город поездки
2024-06-22 22:33:08 INFO  StartPage:79 - Выбрана дата заезда
2024-06-22 22:33:08 INFO  StartPage:112 - Выбрана дата выезда
2024-06-22 22:33:08 INFO  StartPage:119 - Переход на страницу поиска
2024-06-22 22:33:11 INFO  HotelPage:46 - Нужный заголовок находится на странице
2024-06-22 22:33:11 INFO  HotelPage:54 - Выбраны фильтрация
2024-06-22 22:40:48 INFO  StartPage:36 - Нужный заголовок присутствует на странице
2024-06-22 22:40:48 INFO  StartPage:46 - Выбран город поездки
2024-06-22 22:40:48 INFO  StartPage:79 - Выбрана дата заезда
2024-06-22 22:40:48 INFO  StartPage:112 - Выбрана дата выезда
2024-06-22 22:40:49 INFO  StartPage:119 - Переход на страницу поиска
2024-06-22 22:40:53 INFO  HotelPage:46 - Нужный заголовок находится на странице
2024-06-22 22:40:53 INFO  HotelPage:54 - Выбраны фильтрация
2024-06-22 22:44:51 INFO  StartPage:36 - Нужный заголовок присутствует на странице
2024-06-22 22:44:51 INFO  StartPage:46 - Выбран город поездки
2024-06-22 22:44:52 INFO  StartPage:79 - Выбрана дата заезда
2024-06-22 22:44:52 INFO  StartPage:112 - Выбрана дата выезда
2024-06-22 22:44:52 INFO  StartPage:119 - Переход на страницу поиска
2024-06-22 22:44:55 INFO  HotelPage:46 - Нужный заголовок находится на странице
2024-06-22 22:44:56 INFO  HotelPage:54 - Выбраны фильтрация
2024-06-22 22:49:59 INFO  StartPage:36 - Нужный заголовок присутствует на странице
2024-06-22 22:50:00 INFO  StartPage:46 - Выбран город поездки
2024-06-22 22:50:00 INFO  StartPage:79 - Выбрана дата заезда
2024-06-22 22:50:00 INFO  StartPage:112 - Выбрана дата выезда
2024-06-22 22:50:00 INFO  StartPage:119 - Переход на страницу поиска
2024-06-22 22:50:03 INFO  HotelPage:46 - Нужный заголовок находится на странице
2024-06-22 22:50:04 INFO  HotelPage:54 - Выбраны фильтрация
2024-06-22 22:54:49 INFO  StartPage:36 - Нужный заголовок присутствует на странице
2024-06-22 22:54:49 INFO  StartPage:46 - Выбран город поездки
2024-06-22 22:54:50 INFO  StartPage:79 - Выбрана дата заезда
2024-06-22 22:54:50 INFO  StartPage:112 - Выбрана дата выезда
2024-06-22 22:54:50 INFO  StartPage:119 - Переход на страницу поиска
2024-06-22 22:54:52 INFO  HotelPage:46 - Нужный заголовок находится на странице
2024-06-22 22:54:53 INFO  HotelPage:54 - Выбраны фильтрация
2024-06-22 22:54:54 INFO  HotelPage:68 - Выбран тип питания
2024-06-22 22:54:55 INFO  HotelPage:82 - Выбран тип размещения
2024-06-22 22:55:28 INFO  StartPage:36 - Нужный заголовок присутствует на странице
2024-06-22 22:55:28 INFO  StartPage:46 - Выбран город поездки
2024-06-22 22:55:28 INFO  StartPage:79 - Выбрана дата заезда
2024-06-22 22:55:28 INFO  StartPage:112 - Выбрана дата выезда
2024-06-22 22:55:29 INFO  StartPage:119 - Переход на страницу поиска
2024-06-22 22:55:32 INFO  HotelPage:46 - Нужный заголовок находится на странице
2024-06-22 22:55:32 INFO  HotelPage:54 - Выбраны фильтрация
2024-06-22 22:55:34 INFO  HotelPage:68 - Выбран тип питания
2024-06-22 22:55:34 INFO  HotelPage:82 - Выбран тип размещения
2024-06-22 22:57:33 INFO  StartPage:36 - Нужный заголовок присутствует на странице
2024-06-22 22:57:33 INFO  StartPage:46 - Выбран город поездки
2024-06-22 22:57:33 INFO  StartPage:79 - Выбрана дата заезда
2024-06-22 22:57:34 INFO  StartPage:112 - Выбрана дата выезда
2024-06-22 22:57:34 INFO  StartPage:119 - Переход на страницу поиска
2024-06-22 22:57:37 INFO  HotelPage:46 - Нужный заголовок находится на странице
2024-06-22 22:57:37 INFO  HotelPage:54 - Выбраны фильтрация
2024-06-22 22:57:39 INFO  HotelPage:68 - Выбран тип питания
2024-06-22 22:57:39 INFO  HotelPage:82 - Выбран тип размещения
2024-06-22 22:59:41 INFO  StartPage:36 - Нужный заголовок присутствует на странице
2024-06-22 22:59:41 INFO  StartPage:46 - Выбран город поездки
2024-06-22 22:59:42 INFO  StartPage:79 - Выбрана дата заезда
2024-06-22 22:59:42 INFO  StartPage:112 - Выбрана дата выезда
2024-06-22 22:59:42 INFO  StartPage:119 - Переход на страницу поиска
2024-06-22 22:59:45 INFO  HotelPage:40 - Нужный заголовок находится на странице
2024-06-22 22:59:45 INFO  HotelPage:48 - Выбраны фильтрация
2024-06-22 22:59:47 INFO  HotelPage:62 - Выбран тип питания
2024-06-22 22:59:47 INFO  HotelPage:76 - Выбран тип размещения
2024-06-22 23:00:23 INFO  StartPage:36 - Нужный заголовок присутствует на странице
2024-06-22 23:00:23 INFO  StartPage:46 - Выбран город поездки
2024-06-22 23:00:24 INFO  StartPage:79 - Выбрана дата заезда
2024-06-22 23:00:24 INFO  StartPage:112 - Выбрана дата выезда
2024-06-22 23:00:24 INFO  StartPage:119 - Переход на страницу поиска
2024-06-22 23:00:27 INFO  HotelPage:40 - Нужный заголовок находится на странице
2024-06-22 23:00:27 INFO  HotelPage:48 - Выбраны фильтрация
2024-06-22 23:00:29 INFO  HotelPage:62 - Выбран тип питания
2024-06-22 23:00:29 INFO  HotelPage:76 - Выбран тип размещения
2024-06-22 23:05:46 INFO  StartPage:36 - Нужный заголовок присутствует на странице
2024-06-22 23:05:47 INFO  StartPage:46 - Выбран город поездки
2024-06-22 23:05:47 INFO  StartPage:79 - Выбрана дата заезда
2024-06-22 23:05:47 INFO  StartPage:112 - Выбрана дата выезда
2024-06-22 23:05:47 INFO  StartPage:119 - Переход на страницу поиска
2024-06-22 23:05:50 INFO  HotelPage:43 - Нужный заголовок находится на странице
2024-06-22 23:05:51 INFO  HotelPage:51 - Выбраны фильтрация
2024-06-22 23:05:53 INFO  HotelPage:65 - Выбран тип питания
2024-06-22 23:05:53 INFO  HotelPage:79 - Выбран тип размещения
2024-06-22 23:06:27 INFO  StartPage:36 - Нужный заголовок присутствует на странице
2024-06-22 23:06:28 INFO  StartPage:46 - Выбран город поездки
2024-06-22 23:06:28 INFO  StartPage:79 - Выбрана дата заезда
2024-06-22 23:06:28 INFO  StartPage:112 - Выбрана дата выезда
2024-06-22 23:06:28 INFO  StartPage:119 - Переход на страницу поиска
2024-06-22 23:06:31 INFO  HotelPage:43 - Нужный заголовок находится на странице
2024-06-22 23:06:31 INFO  HotelPage:51 - Выбраны фильтрация
2024-06-22 23:06:32 INFO  HotelPage:65 - Выбран тип питания
2024-06-22 23:06:33 INFO  HotelPage:79 - Выбран тип размещения
2024-06-22 23:07:29 INFO  StartPage:36 - Нужный заголовок присутствует на странице
2024-06-22 23:07:29 INFO  StartPage:46 - Выбран город поездки
2024-06-22 23:07:29 INFO  StartPage:79 - Выбрана дата заезда
2024-06-22 23:07:29 INFO  StartPage:112 - Выбрана дата выезда
2024-06-22 23:07:30 INFO  StartPage:119 - Переход на страницу поиска
2024-06-22 23:07:32 INFO  HotelPage:40 - Нужный заголовок находится на странице
2024-06-22 23:07:33 INFO  HotelPage:48 - Выбраны фильтрация
2024-06-22 23:07:34 INFO  HotelPage:62 - Выбран тип питания
2024-06-22 23:07:35 INFO  HotelPage:76 - Выбран тип размещения
2024-06-22 23:08:38 INFO  StartPage:36 - Нужный заголовок присутствует на странице
2024-06-22 23:08:39 INFO  StartPage:46 - Выбран город поездки
2024-06-22 23:08:39 INFO  StartPage:79 - Выбрана дата заезда
2024-06-22 23:08:39 INFO  StartPage:112 - Выбрана дата выезда
2024-06-22 23:08:39 INFO  StartPage:119 - Переход на страницу поиска
2024-06-22 23:08:42 INFO  HotelPage:43 - Нужный заголовок находится на странице
2024-06-22 23:08:42 INFO  HotelPage:51 - Выбраны фильтрация
2024-06-22 23:08:44 INFO  HotelPage:65 - Выбран тип питания
2024-06-22 23:08:44 INFO  HotelPage:79 - Выбран тип размещения
2024-06-22 23:09:37 INFO  StartPage:36 - Нужный заголовок присутствует на странице
2024-06-22 23:09:37 INFO  StartPage:46 - Выбран город поездки
2024-06-22 23:09:37 INFO  StartPage:79 - Выбрана дата заезда
2024-06-22 23:09:37 INFO  StartPage:112 - Выбрана дата выезда
2024-06-22 23:09:38 INFO  StartPage:119 - Переход на страницу поиска
2024-06-22 23:09:40 INFO  HotelPage:40 - Нужный заголовок находится на странице
2024-06-22 23:09:41 INFO  HotelPage:48 - Выбраны фильтрация
2024-06-22 23:09:42 INFO  HotelPage:62 - Выбран тип питания
2024-06-22 23:09:43 INFO  HotelPage:76 - Выбран тип размещения
2024-06-22 23:10:53 INFO  StartPage:36 - Нужный заголовок присутствует на странице
2024-06-22 23:10:53 INFO  StartPage:46 - Выбран город поездки
2024-06-22 23:10:54 INFO  StartPage:79 - Выбрана дата заезда
2024-06-22 23:10:54 INFO  StartPage:112 - Выбрана дата выезда
2024-06-22 23:10:54 INFO  StartPage:119 - Переход на страницу поиска
2024-06-22 23:10:57 INFO  HotelPage:40 - Нужный заголовок находится на странице
2024-06-22 23:10:57 INFO  HotelPage:48 - Выбраны фильтрация
2024-06-22 23:10:59 INFO  HotelPage:62 - Выбран тип питания
2024-06-22 23:10:59 INFO  HotelPage:76 - Выбран тип размещения
2024-06-22 23:12:25 INFO  StartPage:36 - Нужный заголовок присутствует на странице
2024-06-22 23:12:25 INFO  StartPage:46 - Выбран город поездки
2024-06-22 23:12:25 INFO  StartPage:79 - Выбрана дата заезда
2024-06-22 23:12:26 INFO  StartPage:112 - Выбрана дата выезда
2024-06-22 23:12:26 INFO  StartPage:119 - Переход на страницу поиска
2024-06-22 23:12:28 INFO  HotelPage:40 - Нужный заголовок находится на странице
2024-06-22 23:12:29 INFO  HotelPage:48 - Выбраны фильтрация
2024-06-22 23:12:30 INFO  HotelPage:62 - Выбран тип питания
2024-06-22 23:12:31 INFO  HotelPage:76 - Выбран тип размещения
2024-06-22 23:14:07 INFO  StartPage:36 - Нужный заголовок присутствует на странице
2024-06-22 23:14:07 INFO  StartPage:46 - Выбран город поездки
2024-06-22 23:14:08 INFO  StartPage:79 - Выбрана дата заезда
2024-06-22 23:14:08 INFO  StartPage:112 - Выбрана дата выезда
2024-06-22 23:14:08 INFO  StartPage:119 - Переход на страницу поиска
2024-06-22 23:14:11 INFO  HotelPage:40 - Нужный заголовок находится на странице
2024-06-22 23:14:11 INFO  HotelPage:48 - Выбраны фильтрация
2024-06-22 23:14:13 INFO  HotelPage:62 - Выбран тип питания
2024-06-22 23:14:13 INFO  HotelPage:76 - Выбран тип размещения
2024-06-22 23:16:06 INFO  StartPage:36 - Нужный заголовок присутствует на странице
2024-06-22 23:16:06 INFO  StartPage:46 - Выбран город поездки
2024-06-22 23:16:07 INFO  StartPage:79 - Выбрана дата заезда
2024-06-22 23:16:07 INFO  StartPage:112 - Выбрана дата выезда
2024-06-22 23:16:07 INFO  StartPage:119 - Переход на страницу поиска
2024-06-22 23:16:09 INFO  HotelPage:40 - Нужный заголовок находится на странице
2024-06-22 23:16:10 INFO  HotelPage:48 - Выбраны фильтрация
2024-06-22 23:16:12 INFO  HotelPage:62 - Выбран тип питания
2024-06-22 23:16:12 INFO  HotelPage:76 - Выбран тип размещения
2024-06-22 23:19:54 INFO  StartPage:36 - Нужный заголовок присутствует на странице
2024-06-22 23:19:54 INFO  StartPage:46 - Выбран город поездки
2024-06-22 23:19:54 INFO  StartPage:79 - Выбрана дата заезда
2024-06-22 23:19:54 INFO  StartPage:112 - Выбрана дата выезда
2024-06-22 23:19:55 INFO  StartPage:119 - Переход на страницу поиска
2024-06-22 23:19:58 INFO  HotelPage:40 - Нужный заголовок находится на странице
2024-06-22 23:19:59 INFO  HotelPage:48 - Выбраны фильтрация
2024-06-22 23:20:00 INFO  HotelPage:62 - Выбран тип питания
2024-06-22 23:20:01 INFO  HotelPage:76 - Выбран тип размещения
2024-06-22 23:25:51 INFO  StartPage:36 - Нужный заголовок присутствует на странице
2024-06-22 23:25:51 INFO  StartPage:46 - Выбран город поездки
2024-06-22 23:25:52 INFO  StartPage:79 - Выбрана дата заезда
2024-06-22 23:25:52 INFO  StartPage:112 - Выбрана дата выезда
2024-06-22 23:25:52 INFO  StartPage:119 - Переход на страницу поиска
2024-06-22 23:25:54 INFO  HotelPage:40 - Нужный заголовок находится на странице
2024-06-22 23:25:55 INFO  HotelPage:48 - Выбраны фильтрация
2024-06-22 23:25:56 INFO  HotelPage:62 - Выбран тип питания
2024-06-22 23:25:57 INFO  HotelPage:76 - Выбран тип размещения
2024-06-22 23:26:48 INFO  StartPage:36 - Нужный заголовок присутствует на странице
2024-06-22 23:26:49 INFO  StartPage:46 - Выбран город поездки
2024-06-22 23:26:49 INFO  StartPage:79 - Выбрана дата заезда
2024-06-22 23:26:49 INFO  StartPage:112 - Выбрана дата выезда
2024-06-22 23:26:50 INFO  StartPage:119 - Переход на страницу поиска
2024-06-22 23:26:53 INFO  HotelPage:40 - Нужный заголовок находится на странице
2024-06-22 23:26:53 INFO  HotelPage:48 - Выбраны фильтрация
2024-06-22 23:26:55 INFO  HotelPage:62 - Выбран тип питания
2024-06-22 23:26:56 INFO  HotelPage:76 - Выбран тип размещения
2024-06-22 23:27:47 INFO  StartPage:36 - Нужный заголовок присутствует на странице
2024-06-22 23:27:48 INFO  StartPage:46 - Выбран город поездки
2024-06-22 23:27:48 INFO  StartPage:79 - Выбрана дата заезда
2024-06-22 23:27:48 INFO  StartPage:112 - Выбрана дата выезда
2024-06-22 23:27:49 INFO  StartPage:119 - Переход на страницу поиска
2024-06-22 23:27:52 INFO  HotelPage:40 - Нужный заголовок находится на странице
2024-06-22 23:27:52 INFO  HotelPage:48 - Выбраны фильтрация
2024-06-22 23:27:54 INFO  HotelPage:62 - Выбран тип питания
2024-06-22 23:27:55 INFO  HotelPage:76 - Выбран тип размещения
2024-06-22 23:28:36 INFO  StartPage:36 - Нужный заголовок присутствует на странице
2024-06-22 23:28:37 INFO  StartPage:46 - Выбран город поездки
2024-06-22 23:28:37 INFO  StartPage:79 - Выбрана дата заезда
2024-06-22 23:28:37 INFO  StartPage:112 - Выбрана дата выезда
2024-06-22 23:28:37 INFO  StartPage:119 - Переход на страницу поиска
2024-06-22 23:28:40 INFO  HotelPage:40 - Нужный заголовок находится на странице
2024-06-22 23:28:40 INFO  HotelPage:48 - Выбраны фильтрация
2024-06-22 23:28:42 INFO  HotelPage:62 - Выбран тип питания
2024-06-22 23:28:42 INFO  HotelPage:76 - Выбран тип размещения
2024-06-22 23:29:49 INFO  StartPage:36 - Нужный заголовок присутствует на странице
2024-06-22 23:29:50 INFO  StartPage:46 - Выбран город поездки
2024-06-22 23:29:50 INFO  StartPage:79 - Выбрана дата заезда
2024-06-22 23:29:50 INFO  StartPage:112 - Выбрана дата выезда
2024-06-22 23:29:50 INFO  StartPage:119 - Переход на страницу поиска
2024-06-22 23:29:53 INFO  HotelPage:40 - Нужный заголовок находится на странице
2024-06-22 23:29:53 INFO  HotelPage:48 - Выбраны фильтрация
2024-06-22 23:29:55 INFO  HotelPage:62 - Выбран тип питания
2024-06-22 23:29:55 INFO  HotelPage:76 - Выбран тип размещения
2024-06-22 23:31:01 INFO  StartPage:36 - Нужный заголовок присутствует на странице
2024-06-22 23:31:01 INFO  StartPage:46 - Выбран город поездки
2024-06-22 23:31:02 INFO  StartPage:79 - Выбрана дата заезда
2024-06-22 23:31:02 INFO  StartPage:112 - Выбрана дата выезда
2024-06-22 23:31:02 INFO  StartPage:119 - Переход на страницу поиска
2024-06-22 23:31:05 INFO  HotelPage:40 - Нужный заголовок находится на странице
2024-06-22 23:31:05 INFO  HotelPage:48 - Выбраны фильтрация
2024-06-22 23:31:07 INFO  HotelPage:62 - Выбран тип питания
2024-06-22 23:31:07 INFO  HotelPage:76 - Выбран тип размещения
2024-06-22 23:41:17 INFO  StartPage:36 - Нужный заголовок присутствует на странице
2024-06-22 23:41:18 INFO  StartPage:126 - Переход на страницу авиабилетов
2024-06-22 23:41:18 INFO  StartPage:46 - На странице присутствует заголовок
2024-06-22 23:41:19 INFO  StartPage:57 - Выбран город вылета
2024-06-22 23:41:19 INFO  StartPage:66 - Выбран город прилета
2024-06-22 23:41:20 INFO  StartPage:98 - Выбрана дата заезда
2024-06-22 23:41:20 INFO  StartPage:104 - Переход на страницу поиска
2024-06-23 00:07:09 INFO  StartPage:36 - Нужный заголовок присутствует на странице
2024-06-23 00:07:09 INFO  StartPage:126 - Переход на страницу авиабилетов
2024-06-23 00:07:09 INFO  StartPage:46 - На странице присутствует заголовок
2024-06-23 00:07:10 INFO  StartPage:57 - Выбран город вылета
2024-06-23 00:07:10 INFO  StartPage:66 - Выбран город прилета
2024-06-23 00:07:11 INFO  StartPage:98 - Выбрана дата заезда
2024-06-23 00:07:12 INFO  StartPage:104 - Переход на страницу поиска
2024-06-23 00:07:14 INFO  StartPage:20 - Выбран билет
2024-06-23 00:07:47 INFO  StartPage:36 - Нужный заголовок присутствует на странице
2024-06-23 00:07:47 INFO  StartPage:126 - Переход на страницу авиабилетов
2024-06-23 00:07:47 INFO  StartPage:46 - На странице присутствует заголовок
2024-06-23 00:07:49 INFO  StartPage:57 - Выбран город вылета
2024-06-23 00:07:49 INFO  StartPage:66 - Выбран город прилета
2024-06-23 00:07:49 INFO  StartPage:98 - Выбрана дата заезда
2024-06-23 00:07:50 INFO  StartPage:104 - Переход на страницу поиска
2024-06-23 00:08:26 INFO  StartPage:36 - Нужный заголовок присутствует на странице
2024-06-23 00:08:26 INFO  StartPage:126 - Переход на страницу авиабилетов
2024-06-23 00:08:26 INFO  StartPage:46 - На странице присутствует заголовок
2024-06-23 00:08:27 INFO  StartPage:57 - Выбран город вылета
2024-06-23 00:08:27 INFO  StartPage:66 - Выбран город прилета
2024-06-23 00:08:28 INFO  StartPage:98 - Выбрана дата заезда
2024-06-23 00:08:28 INFO  StartPage:104 - Переход на страницу поиска
2024-06-23 00:08:32 INFO  StartPage:20 - Выбран билет
2024-06-23 00:09:29 INFO  StartPage:36 - Нужный заголовок присутствует на странице
2024-06-23 00:09:29 INFO  StartPage:126 - Переход на страницу авиабилетов
2024-06-23 00:09:29 INFO  StartPage:46 - На странице присутствует заголовок
2024-06-23 00:09:30 INFO  StartPage:57 - Выбран город вылета
2024-06-23 00:09:31 INFO  StartPage:66 - Выбран город прилета
2024-06-23 00:09:31 INFO  StartPage:98 - Выбрана дата заезда
2024-06-23 00:09:32 INFO  StartPage:104 - Переход на страницу поиска
2024-06-23 00:09:35 INFO  StartPage:20 - Выбран билет
